Flow report for de0_tdc
Sat Jun 23 16:23:54 2018
Quartus II 64-Bit Version 14.0.0 Build 200 06/17/2014 SJ Full Version


---------------------
; Table of Contents ;
---------------------
  1. Legal Notice
  2. Flow Summary
  3. Flow Settings
  4. Flow Non-Default Global Settings
  5. Flow Elapsed Time
  6. Flow OS Summary
  7. Flow Log
  8. Flow Messages
  9. Flow Suppressed Messages



----------------
; Legal Notice ;
----------------
Copyright (C) 1991-2014 Altera Corporation. All rights reserved.
Your use of Altera Corporation's design tools, logic functions 
and other software and tools, and its AMPP partner logic 
functions, and any output files from any of the foregoing 
(including device programming or simulation files), and any 
associated documentation or information are expressly subject 
to the terms and conditions of the Altera Program License 
Subscription Agreement, the Altera Quartus II License Agreement,
the Altera MegaCore Function License Agreement, or other 
applicable license agreement, including, without limitation, 
that your use is for the sole purpose of programming logic 
devices manufactured by Altera and sold by Altera or its 
authorized distributors.  Please refer to the applicable 
agreement for further details.



+----------------------------------------------------------------------------------+
; Flow Summary                                                                     ;
+------------------------------------+---------------------------------------------+
; Flow Status                        ; Successful - Sat Jun 23 16:23:54 2018       ;
; Quartus II 64-Bit Version          ; 14.0.0 Build 200 06/17/2014 SJ Full Version ;
; Revision Name                      ; de0_tdc                                     ;
; Top-level Entity Name              ; DE0_TDC                                     ;
; Family                             ; Cyclone IV E                                ;
; Device                             ; EP4CE22F17C6                                ;
; Timing Models                      ; Final                                       ;
; Total logic elements               ; 4,381 / 22,320 ( 20 % )                     ;
;     Total combinational functions  ; 2,727 / 22,320 ( 12 % )                     ;
;     Dedicated logic registers      ; 3,883 / 22,320 ( 17 % )                     ;
; Total registers                    ; 3883                                        ;
; Total pins                         ; 51 / 154 ( 33 % )                           ;
; Total virtual pins                 ; 0                                           ;
; Total memory bits                  ; 155,648 / 608,256 ( 26 % )                  ;
; Embedded Multiplier 9-bit elements ; 0 / 132 ( 0 % )                             ;
; Total PLLs                         ; 2 / 4 ( 50 % )                              ;
+------------------------------------+---------------------------------------------+


+-----------------------------------------+
; Flow Settings                           ;
+-------------------+---------------------+
; Option            ; Setting             ;
+-------------------+---------------------+
; Start date & time ; 06/23/2018 16:22:37 ;
; Main task         ; Compilation         ;
; Revision Name     ; de0_tdc             ;
+-------------------+---------------------+


+--------------------------------------------------------------------------------------------------------------------------------------------------------------------------------------------------------------------------------------------------------------------------------------------------------------------------------------------------------------------+
; Flow Non-Default Global Settings                                                                                                                                                                                                                                                                                                                                   ;
+--------------------------------------+----------------------------------------------------------------------------------------------------------------------------------------------------------------------------------------------------------------------------------------------------------------------------+---------------+-------------+------------------+
; Assignment Name                      ; Value                                                                                                                                                                                                                                                                      ; Default Value ; Entity Name ; Section Id       ;
+--------------------------------------+----------------------------------------------------------------------------------------------------------------------------------------------------------------------------------------------------------------------------------------------------------------------------+---------------+-------------+------------------+
; COMPILER_SIGNATURE_ID                ; 246320234796001.152976015706820                                                                                                                                                                                                                                            ; --            ; --          ; --               ;
; EDA_DESIGN_INSTANCE_NAME             ; NA                                                                                                                                                                                                                                                                         ; --            ; --          ; tdc_tb           ;
; EDA_DESIGN_INSTANCE_NAME             ; NA                                                                                                                                                                                                                                                                         ; --            ; --          ; ph_tb            ;
; EDA_NATIVELINK_SIMULATION_TEST_BENCH ; tdc_tb                                                                                                                                                                                                                                                                     ; --            ; --          ; eda_simulation   ;
; EDA_OUTPUT_DATA_FORMAT               ; Systemverilog Hdl                                                                                                                                                                                                                                                          ; --            ; --          ; eda_simulation   ;
; EDA_SIMULATION_TOOL                  ; ModelSim-Altera (SystemVerilog)                                                                                                                                                                                                                                            ; <None>        ; --          ; --               ;
; EDA_TEST_BENCH_ENABLE_STATUS         ; TEST_BENCH_MODE                                                                                                                                                                                                                                                            ; --            ; --          ; eda_simulation   ;
; EDA_TEST_BENCH_FILE                  ; tdc_tb.sv                                                                                                                                                                                                                                                                  ; --            ; --          ; tdc_tb           ;
; EDA_TEST_BENCH_FILE                  ; ph_tb.sv                                                                                                                                                                                                                                                                   ; --            ; --          ; ph_tb            ;
; EDA_TEST_BENCH_MODULE_NAME           ; tdc_tb                                                                                                                                                                                                                                                                     ; --            ; --          ; tdc_tb           ;
; EDA_TEST_BENCH_MODULE_NAME           ; ph_tb                                                                                                                                                                                                                                                                      ; --            ; --          ; ph_tb            ;
; EDA_TEST_BENCH_NAME                  ; tdc_tb                                                                                                                                                                                                                                                                     ; --            ; --          ; eda_simulation   ;
; EDA_TEST_BENCH_NAME                  ; ph_tb                                                                                                                                                                                                                                                                      ; --            ; --          ; eda_simulation   ;
; EDA_TIME_SCALE                       ; 1 ps                                                                                                                                                                                                                                                                       ; --            ; --          ; eda_simulation   ;
; ENABLE_SIGNALTAP                     ; On                                                                                                                                                                                                                                                                         ; --            ; --          ; --               ;
; IP_TOOL_NAME                         ; LPM_MULT                                                                                                                                                                                                                                                                   ; --            ; --          ; --               ;
; IP_TOOL_NAME                         ; ALTPLL                                                                                                                                                                                                                                                                     ; --            ; --          ; --               ;
; IP_TOOL_NAME                         ; LPM_ADD_SUB                                                                                                                                                                                                                                                                ; --            ; --          ; --               ;
; IP_TOOL_NAME                         ; ROM: 1-PORT                                                                                                                                                                                                                                                                ; --            ; --          ; --               ;
; IP_TOOL_NAME                         ; LPM_COUNTER                                                                                                                                                                                                                                                                ; --            ; --          ; --               ;
; IP_TOOL_NAME                         ; ALTPLL                                                                                                                                                                                                                                                                     ; --            ; --          ; --               ;
; IP_TOOL_VERSION                      ; 13.1                                                                                                                                                                                                                                                                       ; --            ; --          ; --               ;
; IP_TOOL_VERSION                      ; 13.1                                                                                                                                                                                                                                                                       ; --            ; --          ; --               ;
; IP_TOOL_VERSION                      ; 13.1                                                                                                                                                                                                                                                                       ; --            ; --          ; --               ;
; IP_TOOL_VERSION                      ; 13.1                                                                                                                                                                                                                                                                       ; --            ; --          ; --               ;
; IP_TOOL_VERSION                      ; 13.1                                                                                                                                                                                                                                                                       ; --            ; --          ; --               ;
; IP_TOOL_VERSION                      ; 13.1                                                                                                                                                                                                                                                                       ; --            ; --          ; --               ;
; MAX_CORE_JUNCTION_TEMP               ; 85                                                                                                                                                                                                                                                                         ; --            ; --          ; --               ;
; MIN_CORE_JUNCTION_TEMP               ; 0                                                                                                                                                                                                                                                                          ; --            ; --          ; --               ;
; MISC_FILE                            ; mult_x50_bb.v                                                                                                                                                                                                                                                              ; --            ; --          ; --               ;
; MISC_FILE                            ; tdc_pll_bb.v                                                                                                                                                                                                                                                               ; --            ; --          ; --               ;
; MISC_FILE                            ; tdc_pll.ppf                                                                                                                                                                                                                                                                ; --            ; --          ; --               ;
; MISC_FILE                            ; diff_sub_bb.v                                                                                                                                                                                                                                                              ; --            ; --          ; --               ;
; MISC_FILE                            ; singen.bsf                                                                                                                                                                                                                                                                 ; --            ; --          ; --               ;
; MISC_FILE                            ; singen_bb.v                                                                                                                                                                                                                                                                ; --            ; --          ; --               ;
; MISC_FILE                            ; sin_addr.bsf                                                                                                                                                                                                                                                               ; --            ; --          ; --               ;
; MISC_FILE                            ; sin_addr_bb.v                                                                                                                                                                                                                                                              ; --            ; --          ; --               ;
; MISC_FILE                            ; pll_spi_bb.v                                                                                                                                                                                                                                                               ; --            ; --          ; --               ;
; MISC_FILE                            ; pll_spi.ppf                                                                                                                                                                                                                                                                ; --            ; --          ; --               ;
; OUTPUT_IO_TIMING_FAR_END_VMEAS       ; Half Signal Swing                                                                                                                                                                                                                                                          ; --            ; --          ; --               ;
; OUTPUT_IO_TIMING_FAR_END_VMEAS       ; Half Signal Swing                                                                                                                                                                                                                                                          ; --            ; --          ; --               ;
; OUTPUT_IO_TIMING_NEAR_END_VMEAS      ; Half Vccio                                                                                                                                                                                                                                                                 ; --            ; --          ; --               ;
; OUTPUT_IO_TIMING_NEAR_END_VMEAS      ; Half Vccio                                                                                                                                                                                                                                                                 ; --            ; --          ; --               ;
; PARTITION_COLOR                      ; 16764057                                                                                                                                                                                                                                                                   ; --            ; DE0_TDC     ; Top              ;
; PARTITION_FITTER_PRESERVATION_LEVEL  ; PLACEMENT_AND_ROUTING                                                                                                                                                                                                                                                      ; --            ; DE0_TDC     ; Top              ;
; PARTITION_NETLIST_TYPE               ; SOURCE                                                                                                                                                                                                                                                                     ; --            ; DE0_TDC     ; Top              ;
; PROJECT_OUTPUT_DIRECTORY             ; output_files                                                                                                                                                                                                                                                               ; --            ; --          ; --               ;
; SLD_FILE                             ; db/2_auto_stripped.stp                                                                                                                                                                                                                                                     ; --            ; --          ; --               ;
; SLD_NODE_CREATOR_ID                  ; 110                                                                                                                                                                                                                                                                        ; --            ; --          ; auto_signaltap_0 ;
; SLD_NODE_ENTITY_NAME                 ; sld_signaltap                                                                                                                                                                                                                                                              ; --            ; --          ; auto_signaltap_0 ;
; SLD_NODE_PARAMETER_ASSIGNMENT        ; SLD_RAM_BLOCK_TYPE=AUTO                                                                                                                                                                                                                                                    ; --            ; --          ; auto_signaltap_0 ;
; SLD_NODE_PARAMETER_ASSIGNMENT        ; SLD_NODE_INFO=805334528                                                                                                                                                                                                                                                    ; --            ; --          ; auto_signaltap_0 ;
; SLD_NODE_PARAMETER_ASSIGNMENT        ; SLD_POWER_UP_TRIGGER=0                                                                                                                                                                                                                                                     ; --            ; --          ; auto_signaltap_0 ;
; SLD_NODE_PARAMETER_ASSIGNMENT        ; SLD_STORAGE_QUALIFIER_INVERSION_MASK_LENGTH=0                                                                                                                                                                                                                              ; --            ; --          ; auto_signaltap_0 ;
; SLD_NODE_PARAMETER_ASSIGNMENT        ; SLD_ATTRIBUTE_MEM_MODE=OFF                                                                                                                                                                                                                                                 ; --            ; --          ; auto_signaltap_0 ;
; SLD_NODE_PARAMETER_ASSIGNMENT        ; SLD_STATE_FLOW_USE_GENERATED=0                                                                                                                                                                                                                                             ; --            ; --          ; auto_signaltap_0 ;
; SLD_NODE_PARAMETER_ASSIGNMENT        ; SLD_STATE_BITS=11                                                                                                                                                                                                                                                          ; --            ; --          ; auto_signaltap_0 ;
; SLD_NODE_PARAMETER_ASSIGNMENT        ; SLD_BUFFER_FULL_STOP=1                                                                                                                                                                                                                                                     ; --            ; --          ; auto_signaltap_0 ;
; SLD_NODE_PARAMETER_ASSIGNMENT        ; SLD_CURRENT_RESOURCE_WIDTH=1                                                                                                                                                                                                                                               ; --            ; --          ; auto_signaltap_0 ;
; SLD_NODE_PARAMETER_ASSIGNMENT        ; SLD_INCREMENTAL_ROUTING=1                                                                                                                                                                                                                                                  ; --            ; --          ; auto_signaltap_0 ;
; SLD_NODE_PARAMETER_ASSIGNMENT        ; SLD_TRIGGER_LEVEL=1                                                                                                                                                                                                                                                        ; --            ; --          ; auto_signaltap_0 ;
; SLD_NODE_PARAMETER_ASSIGNMENT        ; SLD_ADVANCED_TRIGGER_ENTITY=basic,1,                                                                                                                                                                                                                                       ; --            ; --          ; auto_signaltap_0 ;
; SLD_NODE_PARAMETER_ASSIGNMENT        ; SLD_TRIGGER_LEVEL_PIPELINE=1                                                                                                                                                                                                                                               ; --            ; --          ; auto_signaltap_0 ;
; SLD_NODE_PARAMETER_ASSIGNMENT        ; SLD_ENABLE_ADVANCED_TRIGGER=0                                                                                                                                                                                                                                              ; --            ; --          ; auto_signaltap_0 ;
; SLD_NODE_PARAMETER_ASSIGNMENT        ; SLD_SEGMENT_SIZE=2048                                                                                                                                                                                                                                                      ; --            ; --          ; auto_signaltap_0 ;
; SLD_NODE_PARAMETER_ASSIGNMENT        ; SLD_SAMPLE_DEPTH=2048                                                                                                                                                                                                                                                      ; --            ; --          ; auto_signaltap_0 ;
; SLD_NODE_PARAMETER_ASSIGNMENT        ; SLD_DATA_BITS=74                                                                                                                                                                                                                                                           ; --            ; --          ; auto_signaltap_0 ;
; SLD_NODE_PARAMETER_ASSIGNMENT        ; SLD_TRIGGER_BITS=74                                                                                                                                                                                                                                                        ; --            ; --          ; auto_signaltap_0 ;
; SLD_NODE_PARAMETER_ASSIGNMENT        ; SLD_STORAGE_QUALIFIER_BITS=74                                                                                                                                                                                                                                              ; --            ; --          ; auto_signaltap_0 ;
; SLD_NODE_PARAMETER_ASSIGNMENT        ; SLD_INVERSION_MASK=0000000000000000000000000000000000000000000000000000000000000000000000000000000000000000000000000000000000000000000000000000000000000000000000000000000000000000000000000000000000000000000000000000000000000000000000000000000000000000000000000000000 ; --            ; --          ; auto_signaltap_0 ;
; SLD_NODE_PARAMETER_ASSIGNMENT        ; SLD_INVERSION_MASK_LENGTH=247                                                                                                                                                                                                                                              ; --            ; --          ; auto_signaltap_0 ;
; SLD_NODE_PARAMETER_ASSIGNMENT        ; SLD_TRIGGER_IN_ENABLED=1                                                                                                                                                                                                                                                   ; --            ; --          ; auto_signaltap_0 ;
; USE_SIGNALTAP_FILE                   ; output_files/2.stp                                                                                                                                                                                                                                                         ; --            ; --          ; --               ;
+--------------------------------------+----------------------------------------------------------------------------------------------------------------------------------------------------------------------------------------------------------------------------------------------------------------------------+---------------+-------------+------------------+


+-------------------------------------------------------------------------------------------------------------------------------+
; Flow Elapsed Time                                                                                                             ;
+---------------------------+--------------+-------------------------+---------------------+------------------------------------+
; Module Name               ; Elapsed Time ; Average Processors Used ; Peak Virtual Memory ; Total CPU Time (on all processors) ;
+---------------------------+--------------+-------------------------+---------------------+------------------------------------+
; Analysis & Synthesis      ; 00:00:14     ; 1.0                     ; 661 MB              ; 00:00:14                           ;
; Fitter                    ; 00:00:34     ; 1.4                     ; 1057 MB             ; 00:00:44                           ;
; Assembler                 ; 00:00:02     ; 1.0                     ; 504 MB              ; 00:00:02                           ;
; TimeQuest Timing Analyzer ; 00:00:09     ; 1.1                     ; 618 MB              ; 00:00:09                           ;
; EDA Netlist Writer        ; 00:00:06     ; 1.0                     ; 494 MB              ; 00:00:07                           ;
; Total                     ; 00:01:05     ; --                      ; --                  ; 00:01:16                           ;
+---------------------------+--------------+-------------------------+---------------------+------------------------------------+


+----------------------------------------------------------------------------------------+
; Flow OS Summary                                                                        ;
+---------------------------+------------------+-----------+------------+----------------+
; Module Name               ; Machine Hostname ; OS Name   ; OS Version ; Processor type ;
+---------------------------+------------------+-----------+------------+----------------+
; Analysis & Synthesis      ; ЛабораторияФКВ   ; Windows 7 ; 6.1        ; x86_64         ;
; Fitter                    ; ЛабораторияФКВ   ; Windows 7 ; 6.1        ; x86_64         ;
; Assembler                 ; ЛабораторияФКВ   ; Windows 7 ; 6.1        ; x86_64         ;
; TimeQuest Timing Analyzer ; ЛабораторияФКВ   ; Windows 7 ; 6.1        ; x86_64         ;
; EDA Netlist Writer        ; ЛабораторияФКВ   ; Windows 7 ; 6.1        ; x86_64         ;
+---------------------------+------------------+-----------+------------+----------------+


------------
; Flow Log ;
------------
quartus_map --read_settings_files=on --write_settings_files=off de0_tdc -c de0_tdc
quartus_fit --read_settings_files=off --write_settings_files=off de0_tdc -c de0_tdc
quartus_asm --read_settings_files=off --write_settings_files=off de0_tdc -c de0_tdc
quartus_sta de0_tdc -c de0_tdc
quartus_eda --read_settings_files=off --write_settings_files=off de0_tdc -c de0_tdc



